<?xml version="1.0" encoding="UTF-8"?>
<!-- Generated by org.testng.reporters.JUnitReportReporter -->
<testsuite hostname="DESKTOP-CR1JA48" failures="0" tests="1" name="TestCases.TC_001_AccountRegistration" time="4.685" errors="0" timestamp="2024-03-25T22:26:08 IST" skipped="0">
  <testcase classname="TestCases.TC_001_AccountRegistration" name="verifyAccountRegistration" time="4.685"/>
  <system-out/>
</testsuite> <!-- TestCases.TC_001_AccountRegistration -->
